<?xml version="1.0" encoding="UTF-8"?>
<!-- Generated by org.testng.reporters.JUnitReportReporter -->
<testsuite skipped="0" hostname="hp" name="com.htc.bigbasket.test.AddProductToBasketBySeach" tests="1" failures="0" timestamp="2021-05-18T10:56:44 IST" time="126.077" errors="0">
  <testcase name="testBuyProduct_LogInWithValidCredentials_OrderShouldBeSuccessfullyPlaced" time="126.077" classname="com.htc.bigbasket.test.AddProductToBasketBySeach"/>
  <system-out/>
</testsuite> <!-- com.htc.bigbasket.test.AddProductToBasketBySeach -->
