<?xml version="1.0" encoding="UTF-8"?>
<!-- Generated by org.testng.reporters.JUnitReportReporter -->
<testsuite skipped="0" hostname="hp" name="com.htc.bigbasket.test.TestBigbasketWithLogin" tests="5" failures="0" timestamp="2021-05-28T12:46:35 IST" time="326.373" errors="0">
  <testcase name="test_UserLogin" time="46.099" classname="com.htc.bigbasket.test.TestBigbasketWithLogin"/>
  <system-out/>
  <testcase name="test_UserProfileVarification" time="36.289" classname="com.htc.bigbasket.test.TestBigbasketWithLogin"/>
  <system-out/>
  <testcase name="test_EditUserProfileTest" time="103.172" classname="com.htc.bigbasket.test.TestBigbasketWithLogin"/>
  <system-out/>
  <testcase name="test_ProductCostVarification" time="88.440" classname="com.htc.bigbasket.test.TestBigbasketWithLogin"/>
  <system-out/>
  <testcase name="test_RemoveItemsFromCartTest" time="52.373" classname="com.htc.bigbasket.test.TestBigbasketWithLogin"/>
  <system-out/>
</testsuite> <!-- com.htc.bigbasket.test.TestBigbasketWithLogin -->
