<?xml version="1.0" encoding="UTF-8"?>
<!-- Generated by org.testng.reporters.JUnitReportReporter -->
<testsuite skipped="0" hostname="hp" name="com.htc.bigbasket.test.BuyProductByCategoryTest" tests="1" failures="0" timestamp="2021-05-14T19:37:49 IST" time="33.430" errors="0">
  <testcase name="testBuyProduct_LogInWithValidCredentials_OrderShouldBeSuccessfullyPlaced" time="33.430" classname="com.htc.bigbasket.test.BuyProductByCategoryTest"/>
  <system-out/>
</testsuite> <!-- com.htc.bigbasket.test.BuyProductByCategoryTest -->
