<?xml version="1.0" encoding="UTF-8"?>
<!-- Generated by org.testng.reporters.JUnitReportReporter -->
<testsuite skipped="0" hostname="hp" name="com.htc.bigbasket.test.EditProfileTest" tests="1" failures="0" timestamp="2021-05-21T12:23:59 IST" time="166.713" errors="0">
  <testcase name="test_EditUserProfileTest" time="166.713" classname="com.htc.bigbasket.test.EditProfileTest"/>
  <system-out/>
</testsuite> <!-- com.htc.bigbasket.test.EditProfileTest -->
