<?xml version="1.0" encoding="UTF-8"?>
<!-- Generated by org.testng.reporters.JUnitReportReporter -->
<testsuite skipped="0" hostname="hp" name="com.htc.bigbasket.test.TestBigBasket" tests="1" failures="0" timestamp="2021-05-03T10:12:08 IST" time="114.407" errors="0">
  <testcase name="testBuyProduct_LogInWithValidCredentials_OrderShouldBeSuccessfullyPlaced" time="114.407" classname="com.htc.bigbasket.test.TestBigBasket"/>
  <system-out/>
</testsuite> <!-- com.htc.bigbasket.test.TestBigBasket -->
