<?xml version="1.0" encoding="UTF-8"?>
<!-- Generated by org.testng.reporters.JUnitReportReporter -->
<testsuite skipped="0" hostname="hp" name="com.htc.bigbasket.test.ShopBySearch" tests="5" failures="0" timestamp="2021-05-26T16:52:47 IST" time="243.064" errors="0">
  <testcase name="test_ShopBySearchFunctionality" time="46.215" classname="com.htc.bigbasket.test.ShopBySearch"/>
  <system-out/>
  <testcase name="test_ShopByOffer" time="51.506" classname="com.htc.bigbasket.test.ShopBySearch"/>
  <system-out/>
  <testcase name="test_ShopByCategory" time="58.680" classname="com.htc.bigbasket.test.ShopBySearch"/>
  <system-out/>
  <testcase name="test_ShopByDealOfWeekOffers" time="50.399" classname="com.htc.bigbasket.test.ShopBySearch"/>
  <system-out/>
  <testcase name="test_AppDownloadFunctionality" time="36.264" classname="com.htc.bigbasket.test.ShopBySearch"/>
  <system-out/>
</testsuite> <!-- com.htc.bigbasket.test.ShopBySearch -->
