<?xml version="1.0" encoding="UTF-8"?>
<!-- Generated by org.testng.reporters.JUnitReportReporter -->
<testsuite skipped="0" hostname="hp" name="Test.TestBigBasket" tests="1" failures="0" timestamp="2021-04-29T19:09:34 IST" time="43.703" errors="0">
  <testcase name="testBuyProduct_LogInWithValidCredentials_OrderShouldBeSuccessfullyPlaced" time="43.703" classname="Test.TestBigBasket"/>
  <system-out/>
</testsuite> <!-- Test.TestBigBasket -->
