<?xml version="1.0" encoding="UTF-8"?>
<!-- Generated by org.testng.reporters.JUnitReportReporter -->
<testsuite skipped="0" hostname="hp" name="com.htc.bigbasket.test.TestBigbasketWithoutLogin" tests="5" failures="0" timestamp="2021-06-04T17:47:25 IST" time="285.230" errors="0">
  <testcase name="test_ShopBySearchFunctionality" time="48.689" classname="com.htc.bigbasket.test.TestBigbasketWithoutLogin"/>
  <system-out/>
  <testcase name="test_ShopByOffer" time="72.073" classname="com.htc.bigbasket.test.TestBigbasketWithoutLogin"/>
  <system-out/>
  <testcase name="test_ShopByCategory" time="71.299" classname="com.htc.bigbasket.test.TestBigbasketWithoutLogin"/>
  <system-out/>
  <testcase name="test_ShopByDealOfWeekOffers" time="56.239" classname="com.htc.bigbasket.test.TestBigbasketWithoutLogin"/>
  <system-out/>
  <testcase name="test_AppDownloadFunctionality" time="36.930" classname="com.htc.bigbasket.test.TestBigbasketWithoutLogin"/>
  <system-out/>
</testsuite> <!-- com.htc.bigbasket.test.TestBigbasketWithoutLogin -->
