<?xml version="1.0" encoding="UTF-8"?>
<!-- Generated by org.testng.reporters.JUnitReportReporter -->
<testsuite skipped="0" hostname="hp" name="com.htc.bigbasket.test.RemoveItemFromCartTest" tests="1" failures="0" timestamp="2021-05-25T19:10:08 IST" time="89.280" errors="0">
  <testcase name="test_RemoveItemsFromCartTest" time="89.280" classname="com.htc.bigbasket.test.RemoveItemFromCartTest"/>
  <system-out/>
</testsuite> <!-- com.htc.bigbasket.test.RemoveItemFromCartTest -->
