<?xml version="1.0" encoding="UTF-8"?>
<!-- Generated by org.testng.reporters.JUnitReportReporter -->
<testsuite skipped="0" hostname="hp" name="com.htc.bigbasket.test.AddProductToBasketByOffer" tests="1" failures="0" timestamp="2021-05-14T20:36:59 IST" time="45.254" errors="0">
  <testcase name="testBuyProduct_LogInWithValidCredentials_OrderShouldBeSuccessfullyPlaced" time="45.254" classname="com.htc.bigbasket.test.AddProductToBasketByOffer"/>
  <system-out/>
</testsuite> <!-- com.htc.bigbasket.test.AddProductToBasketByOffer -->
