<?xml version="1.0" encoding="UTF-8"?>
<!-- Generated by org.testng.reporters.JUnitReportReporter -->
<testsuite skipped="0" hostname="hp" name="com.htc.bigbasket.test.TestBigbasketWithoutLogin" tests="5" failures="0" timestamp="2021-05-28T12:46:35 IST" time="258.856" errors="0">
  <testcase name="test_ShopBySearchFunctionality" time="51.340" classname="com.htc.bigbasket.test.TestBigbasketWithoutLogin"/>
  <system-out/>
  <testcase name="test_ShopByOffer" time="54.974" classname="com.htc.bigbasket.test.TestBigbasketWithoutLogin"/>
  <system-out/>
  <testcase name="test_ShopByCategory" time="63.583" classname="com.htc.bigbasket.test.TestBigbasketWithoutLogin"/>
  <system-out/>
  <testcase name="test_ShopByDealOfWeekOffers" time="53.033" classname="com.htc.bigbasket.test.TestBigbasketWithoutLogin"/>
  <system-out/>
  <testcase name="test_AppDownloadFunctionality" time="35.926" classname="com.htc.bigbasket.test.TestBigbasketWithoutLogin"/>
  <system-out/>
</testsuite> <!-- com.htc.bigbasket.test.TestBigbasketWithoutLogin -->
