<?xml version="1.0" encoding="UTF-8"?>
<!-- Generated by org.testng.reporters.JUnitReportReporter -->
<testsuite skipped="0" hostname="hp" name="com.htc.bigbasket.test.LoginTest" tests="5" failures="0" timestamp="2021-05-27T16:56:15 IST" time="297.514" errors="0">
  <testcase name="test_UserLogin" time="46.714" classname="com.htc.bigbasket.test.LoginTest"/>
  <system-out/>
  <testcase name="test_UserProfileVarification" time="25.206" classname="com.htc.bigbasket.test.LoginTest"/>
  <system-out/>
  <testcase name="test_EditUserProfileTest" time="98.840" classname="com.htc.bigbasket.test.LoginTest"/>
  <system-out/>
  <testcase name="test_ProductCostVarification" time="75.109" classname="com.htc.bigbasket.test.LoginTest"/>
  <system-out/>
  <testcase name="test_RemoveItemsFromCartTest" time="51.645" classname="com.htc.bigbasket.test.LoginTest"/>
  <system-out/>
</testsuite> <!-- com.htc.bigbasket.test.LoginTest -->
