<?xml version="1.0" encoding="UTF-8"?>
<!-- Generated by org.testng.reporters.JUnitReportReporter -->
<testsuite skipped="0" hostname="hp" name="com.htc.bigbasket.test.AddProductToCartTest" tests="1" failures="0" timestamp="2021-05-21T11:03:59 IST" time="113.822" errors="0">
  <testcase name="test_ToBuyProductFunctionality" time="113.822" classname="com.htc.bigbasket.test.AddProductToCartTest"/>
  <system-out/>
</testsuite> <!-- com.htc.bigbasket.test.AddProductToCartTest -->
