<?xml version="1.0" encoding="UTF-8"?>
<!-- Generated by org.testng.reporters.JUnitReportReporter -->
<testsuite skipped="0" hostname="hp" name="com.htc.bigbasket.test.AddProductToBasketFromTopOffers" tests="1" failures="0" timestamp="2021-05-15T19:46:29 IST" time="39.177" errors="0">
  <testcase name="testBuyProduct_LogInWithValidCredentials_OrderShouldBeSuccessfullyPlaced" time="39.177" classname="com.htc.bigbasket.test.AddProductToBasketFromTopOffers"/>
  <system-out/>
</testsuite> <!-- com.htc.bigbasket.test.AddProductToBasketFromTopOffers -->
