<?xml version="1.0" encoding="UTF-8"?>
<!-- Generated by org.testng.reporters.JUnitReportReporter -->
<testsuite skipped="0" hostname="hp" name="com.htc.bigbasket.test.TestShop" tests="5" failures="0" timestamp="2021-05-27T16:56:15 IST" time="255.887" errors="0">
  <testcase name="test_ShopBySearchFunctionality" time="49.368" classname="com.htc.bigbasket.test.TestShop"/>
  <system-out/>
  <testcase name="test_ShopByOffer" time="61.041" classname="com.htc.bigbasket.test.TestShop"/>
  <system-out/>
  <testcase name="test_ShopByCategory" time="59.488" classname="com.htc.bigbasket.test.TestShop"/>
  <system-out/>
  <testcase name="test_ShopByDealOfWeekOffers" time="49.816" classname="com.htc.bigbasket.test.TestShop"/>
  <system-out/>
  <testcase name="test_AppDownloadFunctionality" time="36.174" classname="com.htc.bigbasket.test.TestShop"/>
  <system-out/>
</testsuite> <!-- com.htc.bigbasket.test.TestShop -->
