<?xml version="1.0" encoding="UTF-8"?>
<!-- Generated by org.testng.reporters.JUnitReportReporter -->
<testsuite skipped="0" hostname="hp" name="com.htc.bigbasket.test.ProductCostVarificationTest" tests="1" failures="0" timestamp="2021-05-19T16:56:25 IST" time="115.193" errors="0">
  <testcase name="test_ProductCostVarification" time="115.193" classname="com.htc.bigbasket.test.ProductCostVarificationTest"/>
  <system-out/>
</testsuite> <!-- com.htc.bigbasket.test.ProductCostVarificationTest -->
