<?xml version="1.0" encoding="UTF-8"?>
<!-- Generated by org.testng.reporters.JUnitReportReporter -->
<testsuite skipped="0" hostname="hp" name="com.htc.bigbasket.test.TestBigbasketWithLogin" tests="5" failures="0" timestamp="2021-06-04T17:47:25 IST" time="317.080" errors="0">
  <testcase name="test_UserLogin" time="51.619" classname="com.htc.bigbasket.test.TestBigbasketWithLogin"/>
  <system-out/>
  <testcase name="test_UserProfileVarification" time="27.092" classname="com.htc.bigbasket.test.TestBigbasketWithLogin"/>
  <system-out/>
  <testcase name="test_EditUserProfileTest" time="100.812" classname="com.htc.bigbasket.test.TestBigbasketWithLogin"/>
  <system-out/>
  <testcase name="test_ProductCostVarification" time="84.222" classname="com.htc.bigbasket.test.TestBigbasketWithLogin"/>
  <system-out/>
  <testcase name="test_RemoveItemsFromCartTest" time="53.335" classname="com.htc.bigbasket.test.TestBigbasketWithLogin"/>
  <system-out/>
</testsuite> <!-- com.htc.bigbasket.test.TestBigbasketWithLogin -->
