<?xml version="1.0" encoding="UTF-8"?>
<!-- Generated by org.testng.reporters.JUnitReportReporter -->
<testsuite skipped="0" hostname="hp" name="com.htc.bigbasket.test.ShopByOffer" tests="1" failures="0" timestamp="2021-06-01T11:05:30 IST" time="51.212" errors="0">
  <testcase name="test_ShopByOffer" time="51.212" classname="com.htc.bigbasket.test.ShopByOffer"/>
  <system-out/>
</testsuite> <!-- com.htc.bigbasket.test.ShopByOffer -->
