<?xml version="1.0" encoding="UTF-8"?>
<!-- Generated by org.testng.reporters.JUnitReportReporter -->
<testsuite skipped="0" hostname="hp" name="com.htc.bigbasket.test.AddProductToBasketByCategoryTest" tests="1" failures="0" timestamp="2021-05-17T09:51:48 IST" time="125.360" errors="0">
  <testcase name="testBuyProduct_LogInWithValidCredentials_OrderShouldBeSuccessfullyPlaced" time="125.360" classname="com.htc.bigbasket.test.AddProductToBasketByCategoryTest"/>
  <system-out/>
</testsuite> <!-- com.htc.bigbasket.test.AddProductToBasketByCategoryTest -->
